2018-08-07 15:20:54,398 Initialized in: /Users/jyeeee95/dataitgirls/jye_slackbot
2018-08-07 15:25:51,229 Initialized in: /Users/jyeeee95/dataitgirls/jye_slackbot
2018-08-07 15:25:52,409 Initialized in: /Users/jyeeee95/dataitgirls/jye_slackbot
2018-08-07 15:31:30,211 Initialized in: /Users/jyeeee95/dataitgirls/jye_slackbot
2018-08-07 15:31:31,307 Initialized in: /Users/jyeeee95/dataitgirls/jye_slackbot
2018-08-07 15:31:36,371 output from HelloPlugin
2018-08-07 15:34:07,279 Initialized in: /Users/jyeeee95/dataitgirls/jye_slackbot
2018-08-07 15:34:08,346 Initialized in: /Users/jyeeee95/dataitgirls/jye_slackbot
2018-08-07 15:34:22,825 output from HelloPlugin
2018-08-07 15:34:23,544 output from HelloPlugin
2018-08-07 15:34:24,571 output from HelloPlugin
2018-08-07 15:34:25,394 output from HelloPlugin
2018-08-07 15:34:25,911 output from HelloPlugin
2018-08-07 15:34:26,528 output from HelloPlugin
2018-08-07 15:34:27,147 output from HelloPlugin
2018-08-07 15:34:27,865 output from HelloPlugin
2018-08-07 15:34:28,883 output from HelloPlugin
2018-08-07 15:34:29,398 output from HelloPlugin
2018-08-07 15:34:30,114 output from HelloPlugin
2018-08-07 15:34:30,935 output from HelloPlugin
2018-08-07 15:35:02,276 Initialized in: /Users/jyeeee95/dataitgirls/jye_slackbot
2018-08-07 15:35:03,033 Initialized in: /Users/jyeeee95/dataitgirls/jye_slackbot
2018-08-07 15:37:17,685 output from HelloPlugin
2018-08-07 15:38:12,659 Initialized in: /Users/jyeeee95/dataitgirls/jye_slackbot
2018-08-07 15:38:13,439 Initialized in: /Users/jyeeee95/dataitgirls/jye_slackbot
2018-08-07 15:38:15,579 output from HelloPlugin
2018-08-07 15:38:33,421 output from HelloPlugin
2018-08-07 15:40:05,744 Initialized in: /Users/jyeeee95/dataitgirls/jye_slackbot
2018-08-07 15:40:07,499 Initialized in: /Users/jyeeee95/dataitgirls/jye_slackbot
2018-08-07 15:40:14,851 output from HelloPlugin
2018-08-07 15:40:37,109 output from HelloPlugin
2018-08-07 15:40:42,432 output from HelloPlugin
2018-08-07 15:40:47,272 output from HelloPlugin
2018-08-07 15:40:47,378 output from HelloPlugin
2018-08-07 15:40:47,785 output from HelloPlugin
2018-08-07 15:40:47,887 output from HelloPlugin
2018-08-07 15:40:48,411 output from HelloPlugin
2018-08-07 15:40:48,515 output from HelloPlugin
2018-08-07 15:40:48,930 output from HelloPlugin
2018-08-07 15:40:49,036 output from HelloPlugin
2018-08-07 15:40:49,553 output from HelloPlugin
2018-08-07 15:40:49,762 output from HelloPlugin
2018-08-07 15:40:50,174 output from HelloPlugin
2018-08-07 15:40:50,277 output from HelloPlugin
2018-08-07 15:40:50,997 output from HelloPlugin
2018-08-07 15:40:51,106 output from HelloPlugin
2018-08-07 15:40:51,532 output from HelloPlugin
2018-08-07 15:40:51,740 output from HelloPlugin
2018-08-07 15:40:53,157 Initialized in: /Users/jyeeee95/dataitgirls/jye_slackbot
2018-08-07 15:40:53,894 Initialized in: /Users/jyeeee95/dataitgirls/jye_slackbot
2018-08-07 15:40:55,486 output from HelloPlugin
2018-08-07 15:40:55,997 output from HelloPlugin
2018-08-07 15:40:56,620 output from HelloPlugin
2018-08-07 15:40:57,238 output from HelloPlugin
2018-08-07 15:40:57,760 output from HelloPlugin
2018-08-07 15:40:58,375 output from HelloPlugin
2018-08-07 15:40:59,283 output from HelloPlugin
2018-08-07 15:40:59,803 output from HelloPlugin
2018-08-07 15:41:00,413 output from HelloPlugin
2018-08-07 15:41:00,924 output from HelloPlugin
2018-08-07 15:41:01,433 output from HelloPlugin
2018-08-07 15:41:01,948 output from HelloPlugin
2018-08-07 15:41:02,565 output from HelloPlugin
2018-08-07 15:41:03,383 output from HelloPlugin
2018-08-07 15:41:03,899 output from HelloPlugin
2018-08-07 15:41:04,717 output from HelloPlugin
2018-08-07 15:41:05,232 output from HelloPlugin
2018-08-07 15:41:06,053 output from HelloPlugin
2018-08-07 15:41:14,782 Initialized in: /Users/jyeeee95/dataitgirls/jye_slackbot
2018-08-07 15:41:15,538 Initialized in: /Users/jyeeee95/dataitgirls/jye_slackbot
2018-08-07 15:41:19,572 output from HelloPlugin
2018-08-07 15:41:21,013 output from HelloPlugin
2018-08-07 15:41:21,426 output from HelloPlugin
2018-08-07 15:41:29,541 output from HelloPlugin
2018-08-07 15:41:29,541 output from HelloPlugin
2018-08-07 15:42:11,593 Initialized in: /Users/jyeeee95/dataitgirls/jye_slackbot
2018-08-07 15:42:12,480 Initialized in: /Users/jyeeee95/dataitgirls/jye_slackbot
2018-08-07 15:42:16,036 output from HelloPlugin
2018-08-07 15:42:22,886 output from HelloPlugin
2018-08-07 15:42:58,926 output from HelloPlugin
2018-08-07 15:43:20,439 Initialized in: /Users/jyeeee95/dataitgirls/jye_slackbot
2018-08-07 15:43:22,331 Initialized in: /Users/jyeeee95/dataitgirls/jye_slackbot
2018-08-07 15:43:23,656 Problem in Plugin Class: HelloPlugin: process_message 
{'type': 'message', 'user': 'UBD8HB9C0', 'text': '멍', 'client_msg_id': '734fee2c-e3df-43a0-a1d1-2a8813829fc4', 'team': 'T9SHC5F9S', 'channel': 'CC2DJPQ01', 'event_ts': '1533624202.000160', 'ts': '1533624202.000160'}
Traceback (most recent call last):
  File "/Users/jyeeee95/.local/share/virtualenvs/jye_slackbot-untEQ24e/lib/python3.6/site-packages/rtmbot/core.py", line 220, in do
    func(data)
  File "/Users/jyeeee95/dataitgirls/jye_slackbot/main.py", line 12, in process_message
    if ("댕댕"|"멍") in data["text"]:
TypeError: unsupported operand type(s) for |: 'str' and 'str'
2018-08-07 15:43:23,761 Problem in Plugin Class: HelloPlugin: process_message 
{'reply_to': 0, 'type': 'message', 'channel': 'CC2DJPQ01', 'user': 'UC371NECQ', 'text': '배로쌤 쉬는 시간 주세요\xa0(ɷ\xa0꒪ཀ꒪)ɷ\xa0', 'ts': '1533623837.000214'}
Traceback (most recent call last):
  File "/Users/jyeeee95/.local/share/virtualenvs/jye_slackbot-untEQ24e/lib/python3.6/site-packages/rtmbot/core.py", line 220, in do
    func(data)
  File "/Users/jyeeee95/dataitgirls/jye_slackbot/main.py", line 12, in process_message
    if ("댕댕"|"멍") in data["text"]:
TypeError: unsupported operand type(s) for |: 'str' and 'str'
2018-08-07 15:43:23,761 output from HelloPlugin
2018-08-07 15:43:40,439 Initialized in: /Users/jyeeee95/dataitgirls/jye_slackbot
2018-08-07 15:43:41,370 Initialized in: /Users/jyeeee95/dataitgirls/jye_slackbot
2018-08-07 15:43:43,961 output from HelloPlugin
2018-08-07 15:43:58,096 output from HelloPlugin
2018-08-07 15:43:58,305 output from HelloPlugin
2018-08-07 15:43:59,028 output from HelloPlugin
2018-08-07 15:43:59,539 output from HelloPlugin
2018-08-07 15:44:00,463 output from HelloPlugin
2018-08-07 15:44:01,191 output from HelloPlugin
2018-08-07 15:44:01,702 output from HelloPlugin
2018-08-07 15:44:02,211 output from HelloPlugin
2018-08-07 15:44:02,726 output from HelloPlugin
2018-08-07 15:44:03,239 output from HelloPlugin
2018-08-07 15:44:03,759 output from HelloPlugin
2018-08-07 15:44:04,483 output from HelloPlugin
2018-08-07 15:44:05,202 output from HelloPlugin
2018-08-07 15:44:05,811 output from HelloPlugin
2018-08-07 15:44:06,327 output from HelloPlugin
2018-08-07 15:47:34,951 Initialized in: /Users/jyeeee95/dataitgirls/jye_slackbot
2018-08-07 15:47:35,731 Initialized in: /Users/jyeeee95/dataitgirls/jye_slackbot
2018-08-07 15:47:39,183 output from HelloPlugin
2018-08-07 15:47:58,344 output from HelloPlugin
2018-08-07 15:48:10,028 output from HelloPlugin
2018-08-07 15:48:17,013 output from HelloPlugin
2018-08-07 15:48:39,528 output from HelloPlugin
2018-08-07 15:48:44,674 output from HelloPlugin
2018-08-07 15:48:46,522 output from HelloPlugin
2018-08-07 15:48:46,828 Problem in Plugin Class: HelloPlugin: process_message 
{'type': 'message', 'message': {'type': 'message', 'user': 'UC4V5USGP', 'text': '<http://www.onday.or.kr/wp/wp-content/uploads/2015/01/0124_1.jpg>', 'attachments': [{'fallback': '450x326px image', 'image_url': 'http://www.onday.or.kr/wp/wp-content/uploads/2015/01/0124_1.jpg', 'image_width': 450, 'image_height': 326, 'image_bytes': 147969, 'from_url': 'http://www.onday.or.kr/wp/wp-content/uploads/2015/01/0124_1.jpg', 'id': 1, 'original_url': 'http://www.onday.or.kr/wp/wp-content/uploads/2015/01/0124_1.jpg'}], 'ts': '1533624526.000075'}, 'subtype': 'message_changed', 'hidden': True, 'channel': 'CC2DJPQ01', 'previous_message': {'type': 'message', 'user': 'UC4V5USGP', 'text': '<http://www.onday.or.kr/wp/wp-content/uploads/2015/01/0124_1.jpg>', 'ts': '1533624526.000075'}, 'event_ts': '1533624526.000134', 'ts': '1533624526.000134'}
Traceback (most recent call last):
  File "/Users/jyeeee95/.local/share/virtualenvs/jye_slackbot-untEQ24e/lib/python3.6/site-packages/rtmbot/core.py", line 220, in do
    func(data)
  File "/Users/jyeeee95/dataitgirls/jye_slackbot/main.py", line 6, in process_message
    if "애란" in data["text"]:
KeyError: 'text'
2018-08-07 15:51:05,240 output from HelloPlugin
2018-08-07 15:51:11,331 Initialized in: /Users/jyeeee95/dataitgirls/jye_slackbot
2018-08-07 15:51:12,141 Initialized in: /Users/jyeeee95/dataitgirls/jye_slackbot
2018-08-07 15:51:15,654 output from HelloPlugin
2018-08-07 15:51:28,194 Problem in Plugin Class: HelloPlugin: process_message 
{'type': 'message', 'message': {'type': 'message', 'user': 'UC4V5USGP', 'text': '<https://www.youtube.com/channel/UCeBvOV4YdHbUsbsyVZDCBbA>', 'attachments': [{'service_name': 'YouTube', 'title': 'KMA Learning', 'title_link': 'https://www.youtube.com/channel/UCeBvOV4YdHbUsbsyVZDCBbA', 'text': '기상청 기상기후인재개발원에서는 알기쉬운 기상지식을 쉽게 접근하여 수강할 수 있도록 하기 위하여 본 채널을 운영합니다. 많은 시청바랍니다. 또한 더 전문적인 기상기후 지식은 기상청 나라배움터 <http://kma.nhi.go.kr/에> 개설되어 있습니다.', 'fallback': 'YouTube: KMA Learning', 'thumb_url': 'https://yt3.ggpht.com/a-/ACSszfE9txVvZM3-uSh5grUGRH7tKhuOsJIApH-ETQ=s900-mo-c-c0xffffffff-rj-k-no', 'from_url': 'https://www.youtube.com/channel/UCeBvOV4YdHbUsbsyVZDCBbA', 'thumb_width': 900, 'thumb_height': 900, 'service_icon': 'https://s.ytimg.com/yts/img/favicon-vfl8qSV2F.ico', 'id': 1, 'original_url': 'https://www.youtube.com/channel/UCeBvOV4YdHbUsbsyVZDCBbA'}], 'ts': '1533624686.000101'}, 'subtype': 'message_changed', 'hidden': True, 'channel': 'CC2DJPQ01', 'previous_message': {'type': 'message', 'user': 'UC4V5USGP', 'text': '<https://www.youtube.com/channel/UCeBvOV4YdHbUsbsyVZDCBbA>', 'ts': '1533624686.000101'}, 'event_ts': '1533624687.000225', 'ts': '1533624687.000225'}
Traceback (most recent call last):
  File "/Users/jyeeee95/.local/share/virtualenvs/jye_slackbot-untEQ24e/lib/python3.6/site-packages/rtmbot/core.py", line 220, in do
    func(data)
  File "/Users/jyeeee95/dataitgirls/jye_slackbot/main.py", line 6, in process_message
    if "애란" in data["text"]:
KeyError: 'text'
2018-08-07 15:52:57,379 Initialized in: /Users/jyeeee95/dataitgirls/jye_slackbot
2018-08-07 15:52:58,543 Initialized in: /Users/jyeeee95/dataitgirls/jye_slackbot
2018-08-07 15:53:54,248 Initialized in: /Users/jyeeee95/dataitgirls/jye_slackbot
2018-08-07 15:53:56,034 Initialized in: /Users/jyeeee95/dataitgirls/jye_slackbot
2018-08-07 15:53:57,634 output from HelloPlugin
2018-08-07 15:56:33,152 Initialized in: /Users/jyeeee95/dataitgirls/jye_slackbot
2018-08-07 15:56:34,005 Initialized in: /Users/jyeeee95/dataitgirls/jye_slackbot
2018-08-07 15:57:29,739 Initialized in: /Users/jyeeee95/dataitgirls/jye_slackbot
2018-08-07 15:57:30,551 Initialized in: /Users/jyeeee95/dataitgirls/jye_slackbot
2018-08-07 15:58:36,743 output from HelloPlugin
2018-08-07 15:58:38,382 output from HelloPlugin
2018-08-07 15:58:53,688 output from HelloPlugin
2018-08-07 15:59:02,940 output from HelloPlugin
2018-08-07 15:59:15,576 output from HelloPlugin
2018-08-07 15:59:15,781 output from HelloPlugin
2018-08-07 15:59:42,207 output from HelloPlugin
2018-08-07 16:00:02,725 Initialized in: /Users/jyeeee95/dataitgirls/jye_slackbot
2018-08-07 16:00:04,591 Initialized in: /Users/jyeeee95/dataitgirls/jye_slackbot
2018-08-07 16:03:15,239 output from HelloPlugin
